2024-03-04 15:58:14,029 [INFO] [com.example.demo.DemoApplication] [restartedMain] Starting DemoApplication using Java 21.0.2 with PID 9432 (C:\Users\Koushik\Desktop\giftweb-2\demo\target\classes started by Koushik in C:\Users\Koushik\Desktop\giftweb-2) 
2024-03-04 15:58:14,034 [INFO] [com.example.demo.DemoApplication] [restartedMain] No active profile set, falling back to 1 default profile: "default" 
2024-03-04 15:58:14,161 [INFO] [org.springframework.boot.devtools.env.DevToolsPropertyDefaultsPostProcessor] [restartedMain] Devtools property defaults active! Set 'spring.devtools.add-properties' to 'false' to disable 
2024-03-04 15:58:14,161 [INFO] [org.springframework.boot.devtools.env.DevToolsPropertyDefaultsPostProcessor] [restartedMain] For additional web related logging consider setting the 'logging.level.web' property to 'DEBUG' 
2024-03-04 15:58:15,372 [INFO] [org.springframework.data.repository.config.RepositoryConfigurationDelegate] [restartedMain] Bootstrapping Spring Data JPA repositories in DEFAULT mode. 
2024-03-04 15:58:15,441 [INFO] [org.springframework.data.repository.config.RepositoryConfigurationDelegate] [restartedMain] Finished Spring Data repository scanning in 63 ms. Found 2 JPA repository interfaces. 
2024-03-04 15:58:16,242 [INFO] [org.springframework.boot.web.embedded.tomcat.TomcatWebServer] [restartedMain] Tomcat initialized with port 8080 (http) 
2024-03-04 15:58:16,253 [INFO] [org.apache.catalina.core.StandardService] [restartedMain] Starting service [Tomcat] 
2024-03-04 15:58:16,253 [INFO] [org.apache.catalina.core.StandardEngine] [restartedMain] Starting Servlet engine: [Apache Tomcat/10.1.19] 
2024-03-04 15:58:16,342 [INFO] [org.apache.catalina.core.ContainerBase.[Tomcat].[localhost].[/]] [restartedMain] Initializing Spring embedded WebApplicationContext 
2024-03-04 15:58:16,342 [INFO] [org.springframework.boot.web.servlet.context.ServletWebServerApplicationContext] [restartedMain] Root WebApplicationContext: initialization completed in 2181 ms 
2024-03-04 15:58:16,581 [INFO] [org.hibernate.jpa.internal.util.LogHelper] [restartedMain] HHH000204: Processing PersistenceUnitInfo [name: default] 
2024-03-04 15:58:16,679 [INFO] [org.hibernate.Version] [restartedMain] HHH000412: Hibernate ORM core version 6.4.4.Final 
2024-03-04 15:58:16,740 [INFO] [org.hibernate.cache.internal.RegionFactoryInitiator] [restartedMain] HHH000026: Second-level cache disabled 
2024-03-04 15:58:17,132 [INFO] [org.springframework.orm.jpa.persistenceunit.SpringPersistenceUnitInfo] [restartedMain] No LoadTimeWeaver setup: ignoring JPA class transformer 
2024-03-04 15:58:17,172 [INFO] [com.zaxxer.hikari.HikariDataSource] [restartedMain] HikariPool-1 - Starting... 
2024-03-04 15:58:17,554 [INFO] [com.zaxxer.hikari.pool.HikariPool] [restartedMain] HikariPool-1 - Added connection com.mysql.cj.jdbc.ConnectionImpl@2d629bd6 
2024-03-04 15:58:17,554 [INFO] [com.zaxxer.hikari.HikariDataSource] [restartedMain] HikariPool-1 - Start completed. 
2024-03-04 15:58:18,629 [INFO] [org.hibernate.engine.transaction.jta.platform.internal.JtaPlatformInitiator] [restartedMain] HHH000489: No JTA platform available (set 'hibernate.transaction.jta.platform' to enable JTA platform integration) 
2024-03-04 15:58:19,254 [INFO] [org.springframework.orm.jpa.LocalContainerEntityManagerFactoryBean] [restartedMain] Initialized JPA EntityManagerFactory for persistence unit 'default' 
2024-03-04 15:58:19,842 [WARN] [org.springframework.boot.autoconfigure.orm.jpa.JpaBaseConfiguration$JpaWebConfiguration] [restartedMain] spring.jpa.open-in-view is enabled by default. Therefore, database queries may be performed during view rendering. Explicitly configure spring.jpa.open-in-view to disable this warning 
2024-03-04 15:58:20,427 [WARN] [org.springframework.boot.devtools.autoconfigure.OptionalLiveReloadServer] [restartedMain] Unable to start LiveReload server 
2024-03-04 15:58:20,473 [WARN] [org.springframework.boot.web.servlet.context.AnnotationConfigServletWebServerApplicationContext] [restartedMain] Exception encountered during context initialization - cancelling refresh attempt: org.springframework.context.ApplicationContextException: Failed to start bean 'webServerStartStop' 
2024-03-04 15:58:20,473 [INFO] [org.springframework.orm.jpa.LocalContainerEntityManagerFactoryBean] [restartedMain] Closing JPA EntityManagerFactory for persistence unit 'default' 
2024-03-04 15:58:20,473 [INFO] [com.zaxxer.hikari.HikariDataSource] [restartedMain] HikariPool-1 - Shutdown initiated... 
2024-03-04 15:58:20,504 [INFO] [com.zaxxer.hikari.HikariDataSource] [restartedMain] HikariPool-1 - Shutdown completed. 
2024-03-04 15:58:20,523 [INFO] [org.springframework.boot.autoconfigure.logging.ConditionEvaluationReportLogger] [restartedMain] 

Error starting ApplicationContext. To display the condition evaluation report re-run your application with 'debug' enabled. 
2024-03-04 15:58:20,554 [ERROR] [org.springframework.boot.diagnostics.LoggingFailureAnalysisReporter] [restartedMain] 

***************************
APPLICATION FAILED TO START
***************************

Description:

Web server failed to start. Port 8080 was already in use.

Action:

Identify and stop the process that's listening on port 8080 or configure this application to listen on another port.
 
